<?xml version="1.0" encoding="UTF-8"?>
<testng-results ignored="0" total="3" passed="3" failed="0" skipped="0">
  <reporter-output>
  </reporter-output>
  <suite started-at="2023-08-25T00:39:54 IST" name="Default suite" finished-at="2023-08-25T00:39:56 IST" duration-ms="2559">
    <groups>
    </groups>
    <test started-at="2023-08-25T00:39:54 IST" name="Default test" finished-at="2023-08-25T00:39:56 IST" duration-ms="2559">
      <class name="files.DynamicJson">
        <test-method signature="addBook(java.lang.String,java.lang.String)[pri:0, instance:files.DynamicJson@4d9e68d0]" started-at="2023-08-25T00:39:54 IST" name="addBook" data-provider="BooksData" finished-at="2023-08-25T00:39:56 IST" duration-ms="2108" status="PASS">
          <params>
            <param index="0">
              <value>
                <![CDATA[dsadsa]]>
              </value>
            </param>
            <param index="1">
              <value>
                <![CDATA[123]]>
              </value>
            </param>
          </params>
          <reporter-output>
          </reporter-output>
        </test-method> <!-- addBook -->
        <test-method signature="addBook(java.lang.String,java.lang.String)[pri:0, instance:files.DynamicJson@4d9e68d0]" started-at="2023-08-25T00:39:56 IST" name="addBook" data-provider="BooksData" finished-at="2023-08-25T00:39:56 IST" duration-ms="199" status="PASS">
          <params>
            <param index="0">
              <value>
                <![CDATA[weza]]>
              </value>
            </param>
            <param index="1">
              <value>
                <![CDATA[122333]]>
              </value>
            </param>
          </params>
          <reporter-output>
          </reporter-output>
        </test-method> <!-- addBook -->
        <test-method signature="addBook(java.lang.String,java.lang.String)[pri:0, instance:files.DynamicJson@4d9e68d0]" started-at="2023-08-25T00:39:56 IST" name="addBook" data-provider="BooksData" finished-at="2023-08-25T00:39:56 IST" duration-ms="199" status="PASS">
          <params>
            <param index="0">
              <value>
                <![CDATA[cvaswrg]]>
              </value>
            </param>
            <param index="1">
              <value>
                <![CDATA[2571]]>
              </value>
            </param>
          </params>
          <reporter-output>
          </reporter-output>
        </test-method> <!-- addBook -->
      </class> <!-- files.DynamicJson -->
    </test> <!-- Default test -->
  </suite> <!-- Default suite -->
</testng-results>
