<?xml version="1.0" encoding="UTF-8"?>
<testng-results ignored="0" total="1" passed="1" failed="0" skipped="0">
  <reporter-output>
  </reporter-output>
  <suite started-at="2023-08-24T20:47:52 IST" name="Default suite" finished-at="2023-08-24T20:47:54 IST" duration-ms="1225">
    <groups>
    </groups>
    <test started-at="2023-08-24T20:47:52 IST" name="Default test" finished-at="2023-08-24T20:47:54 IST" duration-ms="1225">
      <class name="API.RestAssured.SumValidation">
        <test-method signature="sumOfCourses()[pri:0, instance:API.RestAssured.SumValidation@5f058f00]" started-at="2023-08-24T20:47:52 IST" name="sumOfCourses" finished-at="2023-08-24T20:47:54 IST" duration-ms="1189" status="PASS">
          <reporter-output>
          </reporter-output>
        </test-method> <!-- sumOfCourses -->
      </class> <!-- API.RestAssured.SumValidation -->
    </test> <!-- Default test -->
  </suite> <!-- Default suite -->
</testng-results>
